<?xml version="1.0" encoding="UTF-8"?>
<!-- Generated by org.testng.reporters.JUnitXMLReporter -->
<testsuite hostname="VJ-PC" name="Default test" tests="9" failures="0" timestamp="15 Mar 2016 07:13:36 GMT" time="103.755" errors="0">
  <testcase name="login" time="18.202" classname="com.vktech.newcars.Login"/>
  <testcase name="login" time="0.012" classname="com.vktech.newcars.Login">
    <skipped/>
  </testcase> <!-- login -->
  <testcase name="login" time="21.814" classname="com.vktech.newcars.Login"/>
  <testcase name="login" time="23.004" classname="com.vktech.newcars.Login"/>
  <testcase name="login" time="0.001" classname="com.vktech.newcars.Login">
    <skipped/>
  </testcase> <!-- login -->
  <testcase name="login" time="0.001" classname="com.vktech.newcars.Login">
    <skipped/>
  </testcase> <!-- login -->
  <testcase name="login" time="20.916" classname="com.vktech.newcars.Login"/>
  <testcase name="login" time="0.001" classname="com.vktech.newcars.Login">
    <skipped/>
  </testcase> <!-- login -->
  <testcase name="login" time="19.777" classname="com.vktech.newcars.Login"/>
</testsuite> <!-- Default test -->
